0 info it worked if it ends with ok
1 verbose cli [ 'C:\\Program Files\\nodejs\\node.exe',
1 verbose cli   'C:\\Program Files\\nodejs\\node_modules\\npm\\bin\\npm-cli.js',
1 verbose cli   'run',
1 verbose cli   'eject' ]
2 info using npm@3.10.10
3 info using node@v6.10.2
4 verbose run-script [ 'preeject', 'eject', 'posteject' ]
5 info lifecycle frontend@0.1.0~preeject: frontend@0.1.0
6 silly lifecycle frontend@0.1.0~preeject: no script for preeject, continuing
7 info lifecycle frontend@0.1.0~eject: frontend@0.1.0
8 verbose lifecycle frontend@0.1.0~eject: unsafe-perm in lifecycle true
9 verbose lifecycle frontend@0.1.0~eject: PATH: C:\Program Files\nodejs\node_modules\npm\bin\node-gyp-bin;E:\Projects\Alten\sherif\VechilesTask\Frontend\node_modules\.bin;C:\Python27\;C:\Windows\system32;C:\Windows;C:\Windows\System32\Wbem;C:\Windows\System32\WindowsPowerShell\v1.0\;C:\Program Files\Microsoft SQL Server\120\Tools\Binn\;C:\Program Files\Microsoft SQL Server\Client SDK\ODBC\110\Tools\Binn\;C:\Program Files (x86)\Microsoft SQL Server\120\Tools\Binn\;C:\Program Files\Microsoft SQL Server\120\DTS\Binn\;C:\Program Files (x86)\Microsoft SQL Server\120\Tools\Binn\ManagementStudio\;C:\Program Files (x86)\Microsoft SQL Server\120\DTS\Binn\;C:\Program Files\Java\jdk1.7.0_80\bin\;C:\Android\sdk\tools\;C:\Program Files\Microsoft SQL Server\130\Tools\Binn\;C:\Program Files\Git\cmd;C:\Program Files (x86)\Windows Kits\10\Windows Performance Toolkit\;C:\Program Files (x86)\Microsoft Emulator Manager\1.0\;C:\Program Files (x86)\GitExtensions\;C:\Program Files\Microsoft SQL Server\Client SDK\ODBC\130\Tools\Binn\;C:\Program Files (x86)\Microsoft SQL Server\130\Tools\Binn\;C:\Program Files\Microsoft SQL Server\130\DTS\Binn\;C:\ProgramData\chocolatey\bin;C:\Program Files\Java\jdk1.8.0_102\bin;C:\Users\minaa\AppData\Local\Android\android-sdk\tools;C:\Users\minaa\AppData\Local\Android\android-sdk\platform-tools;C:\Program Files\Microsoft\Web Platform Installer\;C:\Program Files\dotnet\;C:\Program Files (x86)\NArrange 0.2.9\;C:\Android\sdk\platform-tools\;C:\Program Files (x86)\Skype\Phone\;C:\Program Files (x86)\Yarn\bin;C:\Python27\Scripts\;C:\Program Files\nodejs\;C:\Program Files\TortoiseSVN\bin;E:\Downloads\ConEmuPack.150813g;E:\Downloads\ConEmuPack.150813g\ConEmu;C:\Python27\;C:\Windows\system32;C:\Windows;C:\Windows\System32\Wbem;C:\Windows\System32\WindowsPowerShell\v1.0\;C:\Program Files\Microsoft SQL Server\120\Tools\Binn\;C:\Program Files\Microsoft SQL Server\Client SDK\ODBC\110\Tools\Binn\;C:\Program Files (x86)\Microsoft SQL Server\120\Tools\Binn\;C:\Program Files\Microsoft SQL Server\120\DTS\Binn\;C:\Program Files (x86)\Microsoft SQL Server\120\Tools\Binn\ManagementStudio\;C:\Program Files (x86)\Microsoft SQL Server\120\DTS\Binn\;C:\Program Files\Java\jdk1.7.0_80\bin\;C:\Android\sdk\tools\;C:\Program Files\Microsoft SQL Server\130\Tools\Binn\;C:\Program Files\Git\cmd;C:\Program Files (x86)\Windows Kits\10\Windows Performance Toolkit\;C:\Program Files (x86)\Microsoft Emulator Manager\1.0\;C:\Program Files (x86)\GitExtensions\;C:\Program Files\Microsoft SQL Server\Client SDK\ODBC\130\Tools\Binn\;C:\Program Files (x86)\Microsoft SQL Server\130\Tools\Binn\;C:\Program Files\Microsoft SQL Server\;C:\Users\minaa\AppData\Roaming\npm;C:\Program Files (x86)\Microsoft VS Code\bin
10 verbose lifecycle frontend@0.1.0~eject: CWD: E:\Projects\Alten\sherif\VechilesTask\Frontend
11 silly lifecycle frontend@0.1.0~eject: Args: [ '/d /s /c', 'react-scripts eject' ]
12 silly lifecycle frontend@0.1.0~eject: Returned: code: 1  signal: null
13 info lifecycle frontend@0.1.0~eject: Failed to exec eject script
14 verbose stack Error: frontend@0.1.0 eject: `react-scripts eject`
14 verbose stack Exit status 1
14 verbose stack     at EventEmitter.<anonymous> (C:\Program Files\nodejs\node_modules\npm\lib\utils\lifecycle.js:255:16)
14 verbose stack     at emitTwo (events.js:106:13)
14 verbose stack     at EventEmitter.emit (events.js:191:7)
14 verbose stack     at ChildProcess.<anonymous> (C:\Program Files\nodejs\node_modules\npm\lib\utils\spawn.js:40:14)
14 verbose stack     at emitTwo (events.js:106:13)
14 verbose stack     at ChildProcess.emit (events.js:191:7)
14 verbose stack     at maybeClose (internal/child_process.js:886:16)
14 verbose stack     at Process.ChildProcess._handle.onexit (internal/child_process.js:226:5)
15 verbose pkgid frontend@0.1.0
16 verbose cwd E:\Projects\Alten\sherif\VechilesTask\Frontend
17 error Windows_NT 10.0.10586
18 error argv "C:\\Program Files\\nodejs\\node.exe" "C:\\Program Files\\nodejs\\node_modules\\npm\\bin\\npm-cli.js" "run" "eject"
19 error node v6.10.2
20 error npm  v3.10.10
21 error code ELIFECYCLE
22 error frontend@0.1.0 eject: `react-scripts eject`
22 error Exit status 1
23 error Failed at the frontend@0.1.0 eject script 'react-scripts eject'.
23 error Make sure you have the latest version of node.js and npm installed.
23 error If you do, this is most likely a problem with the frontend package,
23 error not with npm itself.
23 error Tell the author that this fails on your system:
23 error     react-scripts eject
23 error You can get information on how to open an issue for this project with:
23 error     npm bugs frontend
23 error Or if that isn't available, you can get their info via:
23 error     npm owner ls frontend
23 error There is likely additional logging output above.
24 verbose exit [ 1, true ]
